0 silly argv {
0 silly argv   _: [ 'create' ],
0 silly argv   lernaVersion: '3.18.3',
0 silly argv   '$0': 'lerna',
0 silly argv   name: 'typeorm'
0 silly argv }
1 notice cli v3.18.3
2 verbose rootPath /Users/dougamartin/Documents/GitProjects/nestjs-query
3 error Error: canceled
3 error     at Interface.<anonymous> (/Users/dougamartin/Documents/GitProjects/nestjs-query/node_modules/read/lib/read.js:66:13)
3 error     at Interface.emit (events.js:209:13)
3 error     at Interface._ttyWrite (readline.js:887:16)
3 error     at ReadStream.onkeypress (readline.js:191:10)
3 error     at ReadStream.emit (events.js:209:13)
3 error     at emitKeys (internal/readline/utils.js:414:14)
3 error     at emitKeys.next (<anonymous>)
3 error     at ReadStream.onData (readline.js:1153:36)
3 error     at ReadStream.emit (events.js:209:13)
3 error     at addChunk (_stream_readable.js:305:12)
3 error     at readableAddChunk (_stream_readable.js:286:11)
3 error     at ReadStream.Readable.push (_stream_readable.js:220:10)
